#
# There is insufficient memory for the Java Runtime Environment to continue.
# Native memory allocation (malloc) failed to allocate 214496 bytes for Chunk::new
# Possible reasons:
#   The system is out of physical RAM or swap space
#   In 32 bit mode, the process size limit was hit
# Possible solutions:
#   Reduce memory load on the system
#   Increase physical memory or swap space
#   Check if swap backing store is full
#   Use 64 bit Java on a 64 bit OS
#   Decrease Java heap size (-Xmx/-Xms)
#   Decrease number of Java threads
#   Decrease Java thread stack sizes (-Xss)
#   Set larger code cache with -XX:ReservedCodeCacheSize=
# This output file may be truncated or incomplete.
#
#  Out of Memory Error (allocation.cpp:390), pid=20368, tid=0x00000000000018b4
#
# JRE version: Java(TM) SE Runtime Environment (8.0_131-b11) (build 1.8.0_131-b11)
# Java VM: Java HotSpot(TM) 64-Bit Server VM (25.131-b11 mixed mode windows-amd64 compressed oops)
# Failed to write core dump. Minidumps are not enabled by default on client versions of Windows
#

---------------  T H R E A D  ---------------

Current thread (0x000000001aff6000):  JavaThread "C2 CompilerThread0" daemon [_thread_in_native, id=6324, stack(0x000000001b620000,0x000000001b720000)]

Stack: [0x000000001b620000,0x000000001b720000]
[error occurred during error reporting (printing stack bounds), id 0xc0000005]

Native frames: (J=compiled Java code, j=interpreted, Vv=VM code, C=native code)


Current CompileTask:
C2:   2502 1158       4       org.jsoup.parser.TokeniserState$38::read (165 bytes)


---------------  P R O C E S S  ---------------

Java Threads: ( => current thread )
  0x0000000004e63000 JavaThread "DestroyJavaVM" [_thread_blocked, id=9672, stack(0x0000000004b90000,0x0000000004c90000)]
  0x000000001b135800 JavaThread "pool-1-thread-2" [_thread_in_Java, id=16800, stack(0x000000001bc20000,0x000000001bd20000)]
  0x000000001b135000 JavaThread "pool-1-thread-1" [_thread_blocked, id=11572, stack(0x000000001bb20000,0x000000001bc20000)]
  0x000000001b07f800 JavaThread "Service Thread" daemon [_thread_blocked, id=11240, stack(0x000000001b920000,0x000000001ba20000)]
  0x000000001affe000 JavaThread "C1 CompilerThread2" daemon [_thread_in_vm, id=15932, stack(0x000000001b820000,0x000000001b920000)]
  0x000000001affb000 JavaThread "C2 CompilerThread1" daemon [_thread_in_native, id=15592, stack(0x000000001b720000,0x000000001b820000)]
=>0x000000001aff6000 JavaThread "C2 CompilerThread0" daemon [_thread_in_native, id=6324, stack(0x000000001b620000,0x000000001b720000)]
  0x000000001aff4800 JavaThread "Monitor Ctrl-Break" daemon [_thread_in_native, id=7284, stack(0x000000001b520000,0x000000001b620000)]
  0x0000000019abf800 JavaThread "Attach Listener" daemon [_thread_blocked, id=17664, stack(0x000000001b420000,0x000000001b520000)]
  0x0000000019aaa000 JavaThread "Signal Dispatcher" daemon [_thread_blocked, id=12960, stack(0x000000001b320000,0x000000001b420000)]
  0x0000000019a99000 JavaThread "Finalizer" daemon [_thread_blocked, id=1400, stack(0x000000001ad20000,0x000000001ae20000)]
  0x0000000004f54000 JavaThread "Reference Handler" daemon [_thread_blocked, id=20112, stack(0x000000001ac20000,0x000000001ad20000)]

Other Threads:
  0x0000000019a77800 VMThread [stack: 0x000000001ab20000,0x000000001ac20000] [id=18164]
  0x000000001b0ec000 WatcherThread [stack: 0x000000001ba20000,0x000000001bb20000] [id=5688]

VM state:not at safepoint (normal execution)

VM Mutex/Monitor currently owned by a thread: None

Heap:
 PSYoungGen      total 38400K, used 6661K [0x00000000d5d80000, 0x00000000d8800000, 0x0000000100000000)
  eden space 33280K, 4% used [0x00000000d5d80000,0x00000000d5f05238,0x00000000d7e00000)
  from space 5120K, 99% used [0x00000000d7e00000,0x00000000d82fc1f0,0x00000000d8300000)
  to   space 5120K, 0% used [0x00000000d8300000,0x00000000d8300000,0x00000000d8800000)
 ParOldGen       total 87552K, used 1495K [0x0000000081800000, 0x0000000086d80000, 0x00000000d5d80000)
  object space 87552K, 1% used [0x0000000081800000,0x0000000081975e68,0x0000000086d80000)
 Metaspace       used 9926K, capacity 10104K, committed 10240K, reserved 1058816K
  class space    used 1090K, capacity 1162K, committed 1280K, reserved 1048576K

Card table byte_map: [0x0000000014320000,0x0000000014720000] byte_map_base: 0x0000000013f14000

Marking Bits: (ParMarkBitMap*) 0x0000000070efc720
 Begin Bits: [0x0000000014dd0000, 0x0000000016d70000)
 End Bits:   [0x0000000016d70000, 0x0000000018d10000)

Polling page: 0x0000000002be0000

CodeCache: size=245760Kb used=4465Kb max_used=4465Kb free=241294Kb
 bounds [0x0000000004f60000, 0x00000000053c0000, 0x0000000013f60000]
 total_blobs=1551 nmethods=1198 adapters=266
 compilation: enabled

Compilation events (10 events):
Event: 2.497 Thread 0x000000001affe000 nmethod 1188 0x00000000053aca10 code [0x00000000053acb60, 0x00000000053acc70]
Event: 2.498 Thread 0x000000001affe000 1189       3       org.jsoup.nodes.Node::indent (24 bytes)
Event: 2.498 Thread 0x000000001affe000 nmethod 1189 0x00000000053b5ed0 code [0x00000000053b6060, 0x00000000053b63c8]
Event: 2.498 Thread 0x000000001affe000 1191       3       org.jsoup.nodes.Node::childNodeSize (10 bytes)
Event: 2.498 Thread 0x000000001affe000 nmethod 1191 0x00000000053ac5d0 code [0x00000000053ac740, 0x00000000053ac968]
Event: 2.498 Thread 0x000000001affe000 1190   !   3       org.jsoup.nodes.Node$OuterHtmlVisitor::head (27 bytes)
Event: 2.498 Thread 0x000000001affe000 nmethod 1190 0x00000000053b6550 code [0x00000000053b66e0, 0x00000000053b69f8]
Event: 2.498 Thread 0x000000001affe000 1194       3       org.jsoup.helper.StringUtil::isWhitespace (36 bytes)
Event: 2.498 Thread 0x000000001affe000 nmethod 1194 0x00000000053b6b90 code [0x00000000053b6d00, 0x00000000053b6f70]
Event: 2.498 Thread 0x000000001affe000 1192   !   3       org.jsoup.nodes.Node$OuterHtmlVisitor::tail (39 bytes)

GC Heap History (2 events):
Event: 2.433 GC heap before
{Heap before GC invocations=1 (full 0):
 PSYoungGen      total 38400K, used 33280K [0x00000000d5d80000, 0x00000000d8800000, 0x0000000100000000)
  eden space 33280K, 100% used [0x00000000d5d80000,0x00000000d7e00000,0x00000000d7e00000)
  from space 5120K, 0% used [0x00000000d8300000,0x00000000d8300000,0x00000000d8800000)
  to   space 5120K, 0% used [0x00000000d7e00000,0x00000000d7e00000,0x00000000d8300000)
 ParOldGen       total 87552K, used 0K [0x0000000081800000, 0x0000000086d80000, 0x00000000d5d80000)
  object space 87552K, 0% used [0x0000000081800000,0x0000000081800000,0x0000000086d80000)
 Metaspace       used 9877K, capacity 10040K, committed 10240K, reserved 1058816K
  class space    used 1088K, capacity 1162K, committed 1280K, reserved 1048576K
Event: 2.448 GC heap after
Heap after GC invocations=1 (full 0):
 PSYoungGen      total 38400K, used 5104K [0x00000000d5d80000, 0x00000000d8800000, 0x0000000100000000)
  eden space 33280K, 0% used [0x00000000d5d80000,0x00000000d5d80000,0x00000000d7e00000)
  from space 5120K, 99% used [0x00000000d7e00000,0x00000000d82fc1f0,0x00000000d8300000)
  to   space 5120K, 0% used [0x00000000d8300000,0x00000000d8300000,0x00000000d8800000)
 ParOldGen       total 87552K, used 1495K [0x0000000081800000, 0x0000000086d80000, 0x00000000d5d80000)
  object space 87552K, 1% used [0x0000000081800000,0x0000000081975e68,0x0000000086d80000)
 Metaspace       used 9877K, capacity 10040K, committed 10240K, reserved 1058816K
  class space    used 1088K, capacity 1162K, committed 1280K, reserved 1048576K
}

Deoptimization events (10 events):
Event: 0.806 Thread 0x000000001b135800 Uncommon trap: reason=null_check action=make_not_entrant pc=0x0000000005143bf8 method=java.lang.String.equals(Ljava/lang/Object;)Z @ 8
Event: 1.406 Thread 0x000000001b135800 Uncommon trap: reason=unstable_if action=reinterpret pc=0x00000000050dbe14 method=java.lang.CharacterDataLatin1.digit(II)I @ 82
Event: 1.489 Thread 0x000000001b135800 Uncommon trap: reason=unstable_if action=reinterpret pc=0x000000000518bbf4 method=java.lang.String.indexOf([CII[CIII)I @ 27
Event: 1.489 Thread 0x000000001b135800 Uncommon trap: reason=unstable_if action=reinterpret pc=0x000000000522a4c8 method=sun.nio.cs.UTF_8$Decoder.decode([BII[C)I @ 30
Event: 1.489 Thread 0x000000001b135800 Uncommon trap: reason=unstable_if action=reinterpret pc=0x000000000524bc00 method=sun.security.util.DerValue.isPrintableStringChar(C)Z @ 9
Event: 1.489 Thread 0x000000001b135800 Uncommon trap: reason=unstable_if action=reinterpret pc=0x00000000050a31c0 method=java.lang.CharacterData.of(I)Ljava/lang/CharacterData; @ 4
Event: 2.148 Thread 0x000000001b135800 Uncommon trap: reason=unstable_if action=reinterpret pc=0x00000000051997e4 method=java.util.regex.Pattern$BmpCharProperty.match(Ljava/util/regex/Matcher;ILjava/lang/CharSequence;)Z @ 34
Event: 2.150 Thread 0x000000001b135800 Uncommon trap: reason=class_check action=maybe_recompile pc=0x0000000005233304 method=java.util.regex.Matcher.search(I)Z @ 86
Event: 2.379 Thread 0x000000001b135800 Uncommon trap: reason=unstable_if action=reinterpret pc=0x0000000005321794 method=org.jsoup.parser.CharacterReader.consumeToAny([C)Ljava/lang/String; @ 88
Event: 2.498 Thread 0x000000001b135800 Uncommon trap: reason=class_check action=maybe_recompile pc=0x0000000005290e3c method=java.lang.Character.toUpperCase(I)I @ 5

Internal exceptions (9 events):
Event: 0.046 Thread 0x0000000004e63000 Exception <a 'java/lang/NoSuchMethodError': Method sun.misc.Unsafe.defineClass(Ljava/lang/String;[BII)Ljava/lang/Class; name or signature does not match> (0x00000000d5d87ca8) thrown at [C:\re\workspace\8-2-build-windows-amd64-cygwin\jdk8u131\8869\hotspot\
Event: 0.046 Thread 0x0000000004e63000 Exception <a 'java/lang/NoSuchMethodError': Method sun.misc.Unsafe.prefetchRead(Ljava/lang/Object;J)V name or signature does not match> (0x00000000d5d87f90) thrown at [C:\re\workspace\8-2-build-windows-amd64-cygwin\jdk8u131\8869\hotspot\src\share\vm\prims
Event: 0.384 Thread 0x000000001b135800 Exception <a 'java/security/PrivilegedActionException'> (0x00000000d658db18) thrown at [C:\re\workspace\8-2-build-windows-amd64-cygwin\jdk8u131\8869\hotspot\src\share\vm\prims\jvm.cpp, line 1390]
Event: 0.384 Thread 0x000000001b135800 Exception <a 'java/security/PrivilegedActionException'> (0x00000000d658df10) thrown at [C:\re\workspace\8-2-build-windows-amd64-cygwin\jdk8u131\8869\hotspot\src\share\vm\prims\jvm.cpp, line 1390]
Event: 0.752 Thread 0x000000001b135800 Exception <a 'java/lang/NoSuchFieldError': method resolution failed> (0x00000000d688f3f8) thrown at [C:\re\workspace\8-2-build-windows-amd64-cygwin\jdk8u131\8869\hotspot\src\share\vm\prims\methodHandles.cpp, line 1146]
Event: 0.754 Thread 0x000000001b135800 Exception <a 'java/lang/NoSuchFieldError': method resolution failed> (0x00000000d689db50) thrown at [C:\re\workspace\8-2-build-windows-amd64-cygwin\jdk8u131\8869\hotspot\src\share\vm\prims\methodHandles.cpp, line 1146]
Event: 0.806 Thread 0x000000001b135800 Implicit null exception at 0x0000000005143a22 to 0x0000000005143be9
Event: 2.303 Thread 0x000000001b135800 Exception <a 'java/security/PrivilegedActionException'> (0x00000000d7a4cc30) thrown at [C:\re\workspace\8-2-build-windows-amd64-cygwin\jdk8u131\8869\hotspot\src\share\vm\prims\jvm.cpp, line 1390]
Event: 2.303 Thread 0x000000001b135800 Exception <a 'java/security/PrivilegedActionException'> (0x00000000d7a4d028) thrown at [C:\re\workspace\8-2-build-windows-amd64-cygwin\jdk8u131\8869\hotspot\src\share\vm\prims\jvm.cpp, line 1390]

Events (10 events):
Event: 2.477 loading class org/jsoup/select/NodeTraversor done
Event: 2.477 loading class org/jsoup/nodes/Node$OuterHtmlVisitor
Event: 2.477 loading class org/jsoup/nodes/Node$OuterHtmlVisitor done
Event: 2.478 loading class org/jsoup/nodes/Entities$CoreCharset
Event: 2.478 loading class org/jsoup/nodes/Entities$CoreCharset done
Event: 2.479 loading class org/jsoup/nodes/Entities$1
Event: 2.479 loading class org/jsoup/nodes/Entities$1 done
Event: 2.498 Thread 0x000000001b135800 Uncommon trap: trap_request=0xffffffde fr.pc=0x0000000005290e3c
Event: 2.498 Thread 0x000000001b135800 DEOPT PACKING pc=0x0000000005290e3c sp=0x000000001bd1ee10
Event: 2.498 Thread 0x000000001b135800 DEOPT UNPACKING pc=0x0000000004fa582a sp=0x000000001bd1ec50 mode 2


Dynamic libraries:
0x00007ff64f560000 - 0x00007ff64f597000 	C:\Program Files\Java\jdk1.8.0_131\bin\java.exe
0x00007fff03e60000 - 0x00007fff04040000 	C:\WINDOWS\SYSTEM32\ntdll.dll
0x00007fff02f50000 - 0x00007fff02ffe000 	C:\WINDOWS\System32\KERNEL32.DLL
0x00007fff00260000 - 0x00007fff004c6000 	C:\WINDOWS\System32\KERNELBASE.dll
0x00007fff03800000 - 0x00007fff038a1000 	C:\WINDOWS\System32\ADVAPI32.dll
0x00007fff03c00000 - 0x00007fff03c9d000 	C:\WINDOWS\System32\msvcrt.dll
0x00007fff03600000 - 0x00007fff0365b000 	C:\WINDOWS\System32\sechost.dll
0x00007fff01330000 - 0x00007fff0144f000 	C:\WINDOWS\System32\RPCRT4.dll
0x00007fff03000000 - 0x00007fff0318f000 	C:\WINDOWS\System32\USER32.dll
0x00007fff01310000 - 0x00007fff01330000 	C:\WINDOWS\System32\win32u.dll
0x00007fff03190000 - 0x00007fff031b8000 	C:\WINDOWS\System32\GDI32.dll
0x00007fff01170000 - 0x00007fff01303000 	C:\WINDOWS\System32\gdi32full.dll
0x00007fff010d0000 - 0x00007fff0116b000 	C:\WINDOWS\System32\msvcp_win.dll
0x00007fff00ea0000 - 0x00007fff00f96000 	C:\WINDOWS\System32\ucrtbase.dll
0x00007ffee8070000 - 0x00007ffee82d9000 	C:\WINDOWS\WinSxS\amd64_microsoft.windows.common-controls_6595b64144ccf1df_6.0.16299.125_none_15cbcf8893620c09\COMCTL32.dll
0x00007fff032f0000 - 0x00007fff035f8000 	C:\WINDOWS\System32\combase.dll
0x00007fff00fa0000 - 0x00007fff01012000 	C:\WINDOWS\System32\bcryptPrimitives.dll
0x00007fff03d80000 - 0x00007fff03dad000 	C:\WINDOWS\System32\IMM32.DLL
0x0000000071690000 - 0x0000000071762000 	C:\Program Files\Java\jdk1.8.0_131\jre\bin\msvcr100.dll
0x00000000706e0000 - 0x0000000070f7c000 	C:\Program Files\Java\jdk1.8.0_131\jre\bin\server\jvm.dll
0x00007fff038b0000 - 0x00007fff038b8000 	C:\WINDOWS\System32\PSAPI.DLL
0x00007ffefd7a0000 - 0x00007ffefd7c3000 	C:\WINDOWS\SYSTEM32\WINMM.dll
0x00007ffefd4d0000 - 0x00007ffefd4fa000 	C:\WINDOWS\SYSTEM32\WINMMBASE.dll
0x00007fff006a0000 - 0x00007fff006ea000 	C:\WINDOWS\System32\cfgmgr32.dll
0x00007ffef0640000 - 0x00007ffef064a000 	C:\WINDOWS\SYSTEM32\VERSION.dll
0x00007ffeec5a0000 - 0x00007ffeec5a9000 	C:\WINDOWS\SYSTEM32\WSOCK32.dll
0x00007fff03d10000 - 0x00007fff03d7c000 	C:\WINDOWS\System32\WS2_32.dll
0x00000000727c0000 - 0x00000000727cf000 	C:\Program Files\Java\jdk1.8.0_131\jre\bin\verify.dll
0x0000000072790000 - 0x00000000727b9000 	C:\Program Files\Java\jdk1.8.0_131\jre\bin\java.dll
0x0000000071820000 - 0x0000000071843000 	C:\Program Files\Java\jdk1.8.0_131\jre\bin\instrument.dll
0x0000000072770000 - 0x0000000072786000 	C:\Program Files\Java\jdk1.8.0_131\jre\bin\zip.dll
0x00007fff01510000 - 0x00007fff02946000 	C:\WINDOWS\System32\SHELL32.dll
0x00007fff01460000 - 0x00007fff01506000 	C:\WINDOWS\System32\shcore.dll
0x00007fff006f0000 - 0x00007fff00e37000 	C:\WINDOWS\System32\windows.storage.dll
0x00007fff03cb0000 - 0x00007fff03d01000 	C:\WINDOWS\System32\shlwapi.dll
0x00007fff00240000 - 0x00007fff00251000 	C:\WINDOWS\System32\kernel.appcore.dll
0x00007fff001d0000 - 0x00007fff0021c000 	C:\WINDOWS\System32\powrprof.dll
0x00007fff001b0000 - 0x00007fff001cb000 	C:\WINDOWS\System32\profapi.dll
0x00007ffef3d90000 - 0x00007ffef3daa000 	E:\IntelliJ IDEA\bin\breakgen64.dll
0x0000000071670000 - 0x000000007168a000 	C:\Program Files\Java\jdk1.8.0_131\jre\bin\net.dll
0x00007ffeff9e0000 - 0x00007ffeffa46000 	C:\WINDOWS\system32\mswsock.dll
0x0000000071640000 - 0x0000000071664000 	C:\Program Files\Java\jdk1.8.0_131\jre\bin\sunec.dll
0x00007ffeff770000 - 0x00007ffeff7a9000 	C:\WINDOWS\SYSTEM32\IPHLPAPI.DLL
0x00007fff01450000 - 0x00007fff01458000 	C:\WINDOWS\System32\NSI.dll
0x00007ffef9d40000 - 0x00007ffef9d56000 	C:\WINDOWS\SYSTEM32\dhcpcsvc6.DLL
0x00007ffef9d20000 - 0x00007ffef9d3a000 	C:\WINDOWS\SYSTEM32\dhcpcsvc.DLL
0x00000000713f0000 - 0x0000000071401000 	C:\Program Files\Java\jdk1.8.0_131\jre\bin\nio.dll
0x00007ffeffba0000 - 0x00007ffeffbb7000 	C:\WINDOWS\SYSTEM32\CRYPTSP.dll
0x00007ffeff5f0000 - 0x00007ffeff623000 	C:\WINDOWS\system32\rsaenh.dll
0x00007ffeffcb0000 - 0x00007ffeffcd5000 	C:\WINDOWS\SYSTEM32\bcrypt.dll
0x00007fff000e0000 - 0x00007fff00109000 	C:\WINDOWS\SYSTEM32\USERENV.dll
0x00007ffeffbc0000 - 0x00007ffeffbcb000 	C:\WINDOWS\SYSTEM32\CRYPTBASE.dll
0x0000000071810000 - 0x000000007181b000 	C:\Program Files\Java\jdk1.8.0_131\jre\bin\sunmscapi.dll
0x00007fff004d0000 - 0x00007fff0069e000 	C:\WINDOWS\System32\CRYPT32.dll
0x00007fff00220000 - 0x00007fff00232000 	C:\WINDOWS\System32\MSASN1.dll
0x00007ffeff7b0000 - 0x00007ffeff866000 	C:\WINDOWS\SYSTEM32\DNSAPI.dll
0x00007ffef7100000 - 0x00007ffef710a000 	C:\Windows\System32\rasadhlp.dll
0x00007ffef7220000 - 0x00007ffef7290000 	C:\WINDOWS\System32\fwpuclnt.dll

VM Arguments:
jvm_args: -javaagent:E:\IntelliJ IDEA\lib\idea_rt.jar=50734:E:\IntelliJ IDEA\bin -Dfile.encoding=UTF-8 
java_command: com.ly.main.Main
java_class_path (initial): C:\Program Files\Java\jdk1.8.0_131\jre\lib\charsets.jar;C:\Program Files\Java\jdk1.8.0_131\jre\lib\deploy.jar;C:\Program Files\Java\jdk1.8.0_131\jre\lib\ext\access-bridge-64.jar;C:\Program Files\Java\jdk1.8.0_131\jre\lib\ext\cldrdata.jar;C:\Program Files\Java\jdk1.8.0_131\jre\lib\ext\dnsns.jar;C:\Program Files\Java\jdk1.8.0_131\jre\lib\ext\jaccess.jar;C:\Program Files\Java\jdk1.8.0_131\jre\lib\ext\jfxrt.jar;C:\Program Files\Java\jdk1.8.0_131\jre\lib\ext\localedata.jar;C:\Program Files\Java\jdk1.8.0_131\jre\lib\ext\nashorn.jar;C:\Program Files\Java\jdk1.8.0_131\jre\lib\ext\sunec.jar;C:\Program Files\Java\jdk1.8.0_131\jre\lib\ext\sunjce_provider.jar;C:\Program Files\Java\jdk1.8.0_131\jre\lib\ext\sunmscapi.jar;C:\Program Files\Java\jdk1.8.0_131\jre\lib\ext\sunpkcs11.jar;C:\Program Files\Java\jdk1.8.0_131\jre\lib\ext\zipfs.jar;C:\Program Files\Java\jdk1.8.0_131\jre\lib\javaws.jar;C:\Program Files\Java\jdk1.8.0_131\jre\lib\jce.jar;C:\Program Files\Java\jdk1.8.0_131\jre\lib\jfr.jar;C:\Program Files\Java\jdk1.8.0_131\jre\lib\jfxswt.jar;C:\Program Files\Java\jdk1.8.0_131\jre\lib\jsse.jar;C:\Program Files\Java\jdk1.8.0_131\jre\lib\management-agent.jar;C:\Program Files\Java\jdk1.8.0_131\jre\lib\plugin.jar;C:\Program Files\Java\jdk1.8.0_131\jre\lib\resources.jar;C:\Program Files\Java\jdk1.8.0_131\jre\lib\rt.jar;E:\IntelliJ IDEA\workspace\Spider\zhihu\target\classes;E:\maven\repository\org\apache\httpcomponents\httpclient\4.5.5\httpclient-4.5.5.jar;E:\maven\repository\org\apache\httpcomponents\httpcore\4.4.9\httpcore-4.4.9.jar;E:\maven\repository\commons-logging\commons-logging\1.2\commons-logging-1.2.jar;E:\maven\repository\commons-codec\commons-codec\1.10\commons-codec-1.10.jar;E:\maven\repository\org\jsoup\jsoup\1.10.3\jsoup-1.10.3.jar;E:\maven\repository\org\projectlombok\lombok\1.16.16\lombok-1.16.16.jar;E:\maven\repository\com\alibaba\druid\1.1.0\druid-1.1.0.jar;C:\Program Files\Java\jdk1.8.0_131\lib\jconsole.jar;C:\Program Files\Java\jdk1.8.0
Launcher Type: SUN_STANDARD

Environment Variables:
JAVA_HOME=C:\Program Files\Java\jdk1.8.0_131
CLASSPATH= .;C:\Program Files\Java\jdk1.8.0_131\lib\dt.jar;C:\Program Files\Java\jdk1.8.0_131\lib\tools.jar;E:\app\apache-cxf-3.0.2\lib
PATH=C:\ProgramData\Oracle\Java\javapath;E:\oracle11g\product\11.2.0\dbhome_1\bin;C:\Program Files (x86)\Intel\iCLS Client\;C:\Program Files\Intel\iCLS Client\;C:\WINDOWS\system32;C:\WINDOWS;C:\WINDOWS\System32\Wbem;C:\WINDOWS\System32\WindowsPowerShell\v1.0\;C:\Program Files (x86)\Intel\Intel(R) Management Engine Components\DAL;C:\Program Files\Intel\Intel(R) Management Engine Components\DAL;C:\Program Files (x86)\Intel\Intel(R) Management Engine Components\IPT;C:\Program Files\Intel\Intel(R) Management Engine Components\IPT;C:\Program Files\Java\jdk1.8.0_131\bin;E:\apache-tomcat-7.0.73\lib;E:\apache-tomcat-7.0.73\bin;E:\mysql 5.7\bin;E:\maven\apache-maven-3.3.9\bin;E:\app\apache-cxf-3.0.2\bin;E:\app\apache-ant-1.9.9\bin;E:\SVN\VisualSVN\bin;E:\SVN\TortoiseSVN\bin;C:\Program Files\Intel\WiFi\bin\;C:\Program Files\Common Files\Intel\WirelessCommon\;E:\curl;C:\Program Files\Git\cmd;C:\Program Files\nodejs\;C:\Program Files\python\Scripts\;C:\Program Files\python\;C:\Users\Thinkpad\AppData\Local\Microsoft\WindowsApps;;E:\Fiddler;C:\Users\Thinkpad\AppData\Local\Microsoft\WindowsApps;C:\Users\Thinkpad\AppData\Roaming\npm
USERNAME=Thinkpad
OS=Windows_NT
PROCESSOR_IDENTIFIER=Intel64 Family 6 Model 78 Stepping 3, GenuineIntel



---------------  S Y S T E M  ---------------

OS: Windows 10.0 , 64 bit Build 16299 (10.0.16299.15)

CPU:total 4 (initial active 4) (2 cores per cpu, 2 threads per core) family 6 model 78 stepping 3, cmov, cx8, fxsr, mmx, sse, sse2, sse3, ssse3, sse4.1, sse4.2, popcnt, avx, avx2, clmul, erms, 3dnowpref, lzcnt, ht, tsc, tscinvbit, bmi1, bmi2, adx

Memory: 4k page, physical 8283600k(1103612k free), swap 18769356k(5228k free)

vm_info: Java HotSpot(TM) 64-Bit Server VM (25.131-b11) for windows-amd64 JRE (1.8.0_131-b11), built on Mar 15 2017 01:23:53 by "java_re" with MS VC++ 10.0 (VS2010)

time: Sat Mar 17 12:49:22 2018
elapsed time: 2 seconds (0d 0h 0m 2s)

